0 info it worked if it ends with ok
1 verbose cli [ 'C:\\Program Files\\nodejs\\node.exe',
1 verbose cli   'C:\\Program Files\\nodejs\\node_modules\\npm\\bin\\npm-cli.js',
1 verbose cli   'run',
1 verbose cli   'devtest' ]
2 info using npm@3.10.10
3 info using node@v6.11.2
4 verbose run-script [ 'predevtest', 'devtest', 'postdevtest' ]
5 info lifecycle smartql-middleware@0.0.1~predevtest: smartql-middleware@0.0.1
6 silly lifecycle smartql-middleware@0.0.1~predevtest: no script for predevtest, continuing
7 info lifecycle smartql-middleware@0.0.1~devtest: smartql-middleware@0.0.1
8 verbose lifecycle smartql-middleware@0.0.1~devtest: unsafe-perm in lifecycle true
9 verbose lifecycle smartql-middleware@0.0.1~devtest: PATH: C:\Program Files\nodejs\node_modules\npm\bin\node-gyp-bin;C:\Users\silve\Documents\Code\Projects\SmartQL\smartql-middleware\node_modules\.bin;C:\Users\silve\bin;C:\Program Files\Git\mingw64\bin;C:\Program Files\Git\usr\local\bin;C:\Program Files\Git\usr\bin;C:\Program Files\Git\usr\bin;C:\Program Files\Git\mingw64\bin;C:\Program Files\Git\usr\bin;C:\Users\silve\bin;C:\ProgramData\Oracle\Java\javapath;C:\WINDOWS\system32;C:\WINDOWS;C:\WINDOWS\System32\Wbem;C:\WINDOWS\System32\WindowsPowerShell\v1.0;C:\Program Files\nodejs;C:\Program Files\Git\cmd;C:\Program Files (x86)\Yarn\bin;C:\Users\silve\AppData\Local\Android\sdk\tools;C:\Users\silve\AppData\Local\Android\sdk\platform-tools;C:\Users\silve\AppData\Local\Android\sdk\platform-tools\adb.exe;C:\Users\silve\AppData\Local\Microsoft\WindowsApps;C:\Users\silve\AppData\Roaming\npm;C:\Users\silve\AppData\Local\Yarn\bin;C:\Program Files\Git\usr\bin\vendor_perl;C:\Program Files\Git\usr\bin\core_perl
10 verbose lifecycle smartql-middleware@0.0.1~devtest: CWD: C:\Users\silve\Documents\Code\Projects\SmartQL\smartql-middleware
11 silly lifecycle smartql-middleware@0.0.1~devtest: Args: [ '/d /s /c', 'mocha ./lib/tests/index.js' ]
12 silly lifecycle smartql-middleware@0.0.1~devtest: Returned: code: 1  signal: null
13 info lifecycle smartql-middleware@0.0.1~devtest: Failed to exec devtest script
14 verbose stack Error: smartql-middleware@0.0.1 devtest: `mocha ./lib/tests/index.js`
14 verbose stack Exit status 1
14 verbose stack     at EventEmitter.<anonymous> (C:\Program Files\nodejs\node_modules\npm\lib\utils\lifecycle.js:255:16)
14 verbose stack     at emitTwo (events.js:106:13)
14 verbose stack     at EventEmitter.emit (events.js:191:7)
14 verbose stack     at ChildProcess.<anonymous> (C:\Program Files\nodejs\node_modules\npm\lib\utils\spawn.js:40:14)
14 verbose stack     at emitTwo (events.js:106:13)
14 verbose stack     at ChildProcess.emit (events.js:191:7)
14 verbose stack     at maybeClose (internal/child_process.js:891:16)
14 verbose stack     at Process.ChildProcess._handle.onexit (internal/child_process.js:226:5)
15 verbose pkgid smartql-middleware@0.0.1
16 verbose cwd C:\Users\silve\Documents\Code\Projects\SmartQL\smartql-middleware
17 error Windows_NT 10.0.15063
18 error argv "C:\\Program Files\\nodejs\\node.exe" "C:\\Program Files\\nodejs\\node_modules\\npm\\bin\\npm-cli.js" "run" "devtest"
19 error node v6.11.2
20 error npm  v3.10.10
21 error code ELIFECYCLE
22 error smartql-middleware@0.0.1 devtest: `mocha ./lib/tests/index.js`
22 error Exit status 1
23 error Failed at the smartql-middleware@0.0.1 devtest script 'mocha ./lib/tests/index.js'.
23 error Make sure you have the latest version of node.js and npm installed.
23 error If you do, this is most likely a problem with the smartql-middleware package,
23 error not with npm itself.
23 error Tell the author that this fails on your system:
23 error     mocha ./lib/tests/index.js
23 error You can get information on how to open an issue for this project with:
23 error     npm bugs smartql-middleware
23 error Or if that isn't available, you can get their info via:
23 error     npm owner ls smartql-middleware
23 error There is likely additional logging output above.
24 verbose exit [ 1, true ]
